[debug] [2024-03-17T09:07:20.580Z] ----------------------------------------------------------------------
[debug] [2024-03-17T09:07:20.583Z] Command:       C:\Program Files\nodejs\node.exe C:\Users\shibu\AppData\Roaming\npm\node_modules\firebase-tools\lib\bin\firebase.js init
[debug] [2024-03-17T09:07:20.583Z] CLI Version:   13.5.0
[debug] [2024-03-17T09:07:20.584Z] Platform:      win32
[debug] [2024-03-17T09:07:20.584Z] Node Version:  v20.11.0
[debug] [2024-03-17T09:07:20.584Z] Time:          Sun Mar 17 2024 14:37:20 GMT+0530 (India Standard Time)
[debug] [2024-03-17T09:07:20.584Z] ----------------------------------------------------------------------
[debug] 
[debug] [2024-03-17T09:07:20.681Z] > command requires scopes: ["email","openid","https://www.googleapis.com/auth/cloudplatformprojects.readonly","https://www.googleapis.com/auth/firebase","https://www.googleapis.com/auth/cloud-platform"]
[debug] [2024-03-17T09:07:20.681Z] > authorizing via signed-in user (shibuemmanuel47@gmail.com)
[info] 
     ######## #### ########  ######## ########     ###     ######  ########
     ##        ##  ##     ## ##       ##     ##  ##   ##  ##       ##
     ######    ##  ########  ######   ########  #########  ######  ######
     ##        ##  ##    ##  ##       ##     ## ##     ##       ## ##
     ##       #### ##     ## ######## ########  ##     ##  ######  ########

You're about to initialize a Firebase project in this directory:

  C:\Users\shibu\Downloads\coreui-free-angular-admin-template-main\coreui-free-angular-admin-template-main

Before we get started, keep in mind:

  * You are initializing within an existing Firebase project directory

[info] 
=== Project Setup
[info] 
[info] First, let's associate this project directory with a Firebase project.
[info] You can create multiple project aliases by running firebase use --add, 
[info] but for now we'll just set up a default project.
[info] 
[debug] [2024-03-17T09:07:32.454Z] Using project from CLI flag: rescue-app-d657c
[debug] [2024-03-17T09:07:32.456Z] > refreshing access token with scopes: []
[debug] [2024-03-17T09:07:32.459Z] >>> [apiv2][query] POST https://www.googleapis.com/oauth2/v3/token [none]
[debug] [2024-03-17T09:07:32.459Z] >>> [apiv2][body] POST https://www.googleapis.com/oauth2/v3/token [omitted]
[debug] [2024-03-17T09:07:32.691Z] <<< [apiv2][status] POST https://www.googleapis.com/oauth2/v3/token 200
[debug] [2024-03-17T09:07:32.691Z] <<< [apiv2][body] POST https://www.googleapis.com/oauth2/v3/token [omitted]
[debug] [2024-03-17T09:07:32.711Z] >>> [apiv2][query] GET https://firebase.googleapis.com/v1beta1/projects/rescue-app-d657c [none]
[debug] [2024-03-17T09:07:33.152Z] <<< [apiv2][status] GET https://firebase.googleapis.com/v1beta1/projects/rescue-app-d657c 200
[debug] [2024-03-17T09:07:33.153Z] <<< [apiv2][body] GET https://firebase.googleapis.com/v1beta1/projects/rescue-app-d657c {"projectId":"rescue-app-d657c","projectNumber":"74781009582","displayName":"Rescue App","name":"projects/rescue-app-d657c","resources":{"hostingSite":"rescue-app-d657c","realtimeDatabaseInstance":"rescue-app-d657c-default-rtdb"},"state":"ACTIVE","etag":"1_6504d4f4-b14f-44e2-953c-ee600892072d"}
[info] i  Using project rescue-app-d657c (Rescue App) 
[info] 
=== Hosting Setup
[debug] [2024-03-17T09:07:33.169Z] >>> [apiv2][query] GET https://firebase.googleapis.com/v1beta1/projects/rescue-app-d657c [none]
[debug] [2024-03-17T09:07:33.677Z] <<< [apiv2][status] GET https://firebase.googleapis.com/v1beta1/projects/rescue-app-d657c 200
[debug] [2024-03-17T09:07:33.677Z] <<< [apiv2][body] GET https://firebase.googleapis.com/v1beta1/projects/rescue-app-d657c {"projectId":"rescue-app-d657c","projectNumber":"74781009582","displayName":"Rescue App","name":"projects/rescue-app-d657c","resources":{"hostingSite":"rescue-app-d657c","realtimeDatabaseInstance":"rescue-app-d657c-default-rtdb"},"state":"ACTIVE","etag":"1_6504d4f4-b14f-44e2-953c-ee600892072d"}
[info] 
[info] Your public directory is the folder (relative to your project directory) that
[info] will contain Hosting assets to be uploaded with firebase deploy. If you
[info] have a build process for your assets, use your build's output directory.
[info] 
